<?xml version="1.0" encoding="UTF-8"?>
<!-- Generated by org.testng.reporters.JUnitReportReporter -->
<testsuite hostname="DESKTOP-8IQ6Q1E" failures="0" tests="1" name="protraining.Bootcamp.newacc" time="6.853" errors="0" timestamp="2020-05-06T00:24:18 EDT" skipped="0">
  <testcase classname="protraining.Bootcamp.newacc" name="f" time="6.853"/>
  <system-out/>
</testsuite> <!-- protraining.Bootcamp.newacc -->
