<?xml version="1.0" encoding="UTF-8"?>
<!-- Generated by org.testng.reporters.JUnitReportReporter -->
<testsuite hostname="DESKTOP-8IQ6Q1E" failures="0" tests="1" name="protraining.Bootcamp.newacc" time="4.878" errors="0" timestamp="2020-05-06T01:53:16 EDT" skipped="0">
  <testcase classname="protraining.Bootcamp.newacc" name="f" time="4.878"/>
  <system-out/>
</testsuite> <!-- protraining.Bootcamp.newacc -->
